[debug] > Exec(early(addDefaultCommands), None, None)
[debug] > Exec(addDefaultCommands, None, None)
[debug] > Exec(early(initialize), None, None)
[debug] > Exec(initialize, None, None)
[debug] > Exec(early(addPluginSbtFile="""C:\Users\Pc\AppData\Local\Temp\idea2.sbt"""), None, None)
[debug] > Exec(addPluginSbtFile="""C:\Users\Pc\AppData\Local\Temp\idea2.sbt""", None, None)
[debug] > Exec(boot, None, None)
[debug] > Exec(writeSbtVersion, None, None)
[debug] > Exec(reload, None, None)
[debug] > Exec(sbtStashOnFailure, None, None)
[debug] > Exec(onFailure loadFailed, None, None)
[debug] > Exec(loadp, None, None)
[info] welcome to sbt 1.9.7 (Oracle Corporation Java 19.0.1)
[debug]       Load.loadUnit: plugins took 395.8003ms
[debug]       Load.loadUnit: defsScala took 1.022ms
[debug] [Loading] Scanning directory C:\Users\Pc\.sbt\1.0\plugins
[debug] [Loading] Found non-root projects 
[debug] [Loading] Done in C:\Users\Pc\.sbt\1.0\plugins, returning: ()
[debug] deducing auto plugins based on known facts Set(Atom(sbt.plugins.CorePlugin)) and clauses Clauses(Clause(Atom(sbt.plugins.JvmPlugin),Set(Atom(sbt.plugins.IvyPlugin)))
[debug] Clause(Atom(sbt.ScriptedPlugin),Set(Atom(sbt.plugins.JvmPlugin)))
[debug] Clause(Atom(sbt.plugins.SbtPlugin),Set(Atom(sbt.ScriptedPlugin)))
[debug] Clause(Atom(sbt.plugins.SemanticdbPlugin),Set(Atom(sbt.plugins.JvmPlugin)))
[debug] Clause(Atom(sbt.plugins.JUnitXmlReportPlugin),Set(Atom(sbt.plugins.JvmPlugin)))
[debug] Clause(Atom(sbt.plugins.MiniDependencyTreePlugin),Set(Atom(sbt.plugins.JvmPlugin)))
[debug] Clause(Atom(sbt.plugins.CorePlugin),Set(Atom(sbt.plugins.IvyPlugin)))
[debug] Clause(Atom(sbt.plugins.IvyPlugin),Set(Atom(sbt.plugins.JvmPlugin)))
[debug] Clause(Atom(sbt.plugins.JvmPlugin),Set(Atom(sbt.plugins.SemanticdbPlugin)))
[debug] Clause(Atom(sbt.plugins.JvmPlugin),Set(Atom(sbt.plugins.JUnitXmlReportPlugin)))
[debug] Clause(Atom(sbt.plugins.CorePlugin),Set(Atom(sbt.plugins.Giter8TemplatePlugin)))
[debug] Clause(Atom(sbt.plugins.JvmPlugin),Set(Atom(sbt.plugins.MiniDependencyTreePlugin))))
[debug]   :: deduced result: Matched(sbt.plugins.CorePlugin,sbt.plugins.Giter8TemplatePlugin,sbt.plugins.IvyPlugin,sbt.plugins.JvmPlugin,sbt.plugins.MiniDependencyTreePlugin,sbt.plugins.JUnitXmlReportPlugin,sbt.plugins.SemanticdbPlugin)
[debug] Plugins.deducer#function took 118.7717 ms
[debug]           Load.resolveProject(global-plugins) took 368.6413ms
[debug]         Load.loadTransitive: finalizeProject(Project(id global-plugins, base: C:\Users\Pc\.sbt\1.0\plugins, plugins: List(<none>))) took 568.6603ms
[debug] [Loading] Done in C:\Users\Pc\.sbt\1.0\plugins, returning: (global-plugins)
[debug]       Load.loadUnit: loadedProjectsRaw took 671.2907ms
[debug]       Load.loadUnit: cleanEvalClasses took 6.2822ms
[debug]     Load.loadUnit(file:/C:/Users/Pc/.sbt/1.0/plugins/, ...) took 1163.7317ms
[debug]   Load.apply: load took 2932.0289ms
[debug]   Load.apply: resolveProjects took 92.6165ms
[debug]   Load.apply: finalTransforms took 557.763ms
[debug]   Load.apply: config.delegates took 43.9273ms
[debug]   Load.apply: Def.make(settings)... took 5802.7306ms
[debug]   Load.apply: structureIndex took 287.8625ms
[debug]   Load.apply: mkStreams took 5.9127ms
[info] loading global plugins from C:\Users\Pc\.sbt\1.0\plugins
[debug] Running task... Cancel: Signal, check cycles: false, forcegc: true
[debug] Load.defaultLoad until apply took 14373.8926ms
[debug]           Load.loadUnit: plugins took 122.0214ms
[debug]           Load.loadUnit: defsScala took 0.0238ms
[debug] [Loading] Scanning directory C:\Users\Pc\IdeaProjects\Univer\project
[debug]             Load.loadUnit: mkEval took 19.1463ms
[debug] [Loading] Found non-root projects 
[debug] [Loading] Done in C:\Users\Pc\IdeaProjects\Univer\project, returning: ()
[debug] deducing auto plugins based on known facts Set(Atom(sbt.plugins.CorePlugin)) and clauses Clauses(Clause(Atom(sbt.plugins.JvmPlugin),Set(Atom(sbt.plugins.IvyPlugin)))
[debug] Clause(Atom(sbt.ScriptedPlugin),Set(Atom(sbt.plugins.JvmPlugin)))
[debug] Clause(Atom(sbt.plugins.SbtPlugin),Set(Atom(sbt.ScriptedPlugin)))
[debug] Clause(Atom(sbt.plugins.SemanticdbPlugin),Set(Atom(sbt.plugins.JvmPlugin)))
[debug] Clause(Atom(sbt.plugins.JUnitXmlReportPlugin),Set(Atom(sbt.plugins.JvmPlugin)))
[debug] Clause(Atom(sbt.plugins.MiniDependencyTreePlugin),Set(Atom(sbt.plugins.JvmPlugin)))
[debug] Clause(Atom(sbt.plugins.CorePlugin),Set(Atom(sbt.plugins.IvyPlugin)))
[debug] Clause(Atom(sbt.plugins.IvyPlugin),Set(Atom(sbt.plugins.JvmPlugin)))
[debug] Clause(Atom(sbt.plugins.JvmPlugin),Set(Atom(sbt.plugins.SemanticdbPlugin)))
[debug] Clause(Atom(sbt.plugins.JvmPlugin),Set(Atom(sbt.plugins.JUnitXmlReportPlugin)))
[debug] Clause(Atom(sbt.plugins.CorePlugin),Set(Atom(sbt.plugins.Giter8TemplatePlugin)))
[debug] Clause(Atom(sbt.plugins.JvmPlugin),Set(Atom(sbt.plugins.MiniDependencyTreePlugin))))
[debug]   :: deduced result: Matched(sbt.plugins.CorePlugin,sbt.plugins.Giter8TemplatePlugin,sbt.plugins.IvyPlugin,sbt.plugins.JvmPlugin,sbt.plugins.MiniDependencyTreePlugin,sbt.plugins.JUnitXmlReportPlugin,sbt.plugins.SemanticdbPlugin)
[debug] Plugins.deducer#function took 5.6045 ms
[info] loading settings for project univer-build from idea2.sbt ...
[debug]               Load.resolveProject(univer-build) took 20.5774ms
[debug]             Load.loadTransitive: finalizeProject(Project(id univer-build, base: C:\Users\Pc\IdeaProjects\Univer\project, plugins: List(<none>))) took 27.9231ms
[debug] [Loading] Done in C:\Users\Pc\IdeaProjects\Univer\project, returning: (univer-build)
[debug]           Load.loadUnit: loadedProjectsRaw took 502.4854ms
[debug]           Load.loadUnit: cleanEvalClasses took 18.3274ms
[debug]         Load.loadUnit(file:/C:/Users/Pc/IdeaProjects/Univer/project/, ...) took 646.1283ms
[debug]       Load.apply: load took 651.2598ms
[debug]       Load.apply: resolveProjects took 0.2624ms
[debug]       Load.apply: finalTransforms took 29.7471ms
[debug]       Load.apply: config.delegates took 0.8869ms
[debug]       Load.apply: Def.make(settings)... took 374.7594ms
[debug]       Load.apply: structureIndex took 138.3241ms
[debug]       Load.apply: mkStreams took 0.0041ms
[info] loading project definition from C:\Users\Pc\IdeaProjects\Univer\project
[debug] Running task... Cancel: Signal, check cycles: false, forcegc: true
[debug]     Load.loadUnit: plugins took 2575.1567ms
[debug]     Load.loadUnit: defsScala took 0.0132ms
[debug] [Loading] Scanning directory C:\Users\Pc\IdeaProjects\Univer
[debug]       Load.loadUnit: mkEval took 2.4629ms
[debug] [Loading] Found root project root w/ remaining 
[debug] deducing auto plugins based on known facts Set(Atom(sbt.plugins.CorePlugin)) and clauses Clauses(Clause(Atom(sbt.plugins.JvmPlugin),Set(Atom(sbt.plugins.IvyPlugin)))
[debug] Clause(Atom(sbt.ScriptedPlugin),Set(Atom(sbt.plugins.JvmPlugin)))
[debug] Clause(Atom(sbt.plugins.SbtPlugin),Set(Atom(sbt.ScriptedPlugin)))
[debug] Clause(Atom(sbt.plugins.SemanticdbPlugin),Set(Atom(sbt.plugins.JvmPlugin)))
[debug] Clause(Atom(sbt.plugins.JUnitXmlReportPlugin),Set(Atom(sbt.plugins.JvmPlugin)))
[debug] Clause(Atom(sbt.plugins.MiniDependencyTreePlugin),Set(Atom(sbt.plugins.JvmPlugin)))
[debug] Clause(Atom(org.jetbrains.sbt.StructurePlugin),Set(Atom(sbt.plugins.JvmPlugin)))
[debug] Clause(Atom(org.jetbrains.sbt.IdeaShellPlugin),Set(Atom(sbt.plugins.JvmPlugin)))
[debug] Clause(Atom(org.jetbrains.sbt.indices.SbtIntellijIndicesPlugin),Set(Atom(sbt.plugins.JvmPlugin)))
[debug] Clause(Atom(sbt.plugins.CorePlugin),Set(Atom(sbt.plugins.IvyPlugin)))
[debug] Clause(Atom(sbt.plugins.IvyPlugin),Set(Atom(sbt.plugins.JvmPlugin)))
[debug] Clause(Atom(sbt.plugins.JvmPlugin),Set(Atom(sbt.plugins.SemanticdbPlugin)))
[debug] Clause(Atom(sbt.plugins.JvmPlugin),Set(Atom(sbt.plugins.JUnitXmlReportPlugin)))
[debug] Clause(Atom(sbt.plugins.CorePlugin),Set(Atom(sbt.plugins.Giter8TemplatePlugin)))
[debug] Clause(Atom(sbt.plugins.JvmPlugin),Set(Atom(sbt.plugins.MiniDependencyTreePlugin)))
[debug] Clause(Atom(sbt.plugins.JvmPlugin),Set(Atom(org.jetbrains.sbt.StructurePlugin)))
[debug] Clause(Atom(sbt.plugins.JvmPlugin),Set(Atom(org.jetbrains.sbt.IdeaShellPlugin)))
[debug] Clause(And(Set(Atom(sbt.plugins.CorePlugin), Atom(sbt.plugins.JvmPlugin))),Set(Atom(org.jetbrains.sbt.indices.SbtIntellijIndicesPlugin))))
[debug]   :: deduced result: Matched(sbt.plugins.CorePlugin,sbt.plugins.Giter8TemplatePlugin,sbt.plugins.IvyPlugin,sbt.plugins.JvmPlugin,sbt.plugins.SemanticdbPlugin,org.jetbrains.sbt.indices.SbtIntellijIndicesPlugin,sbt.plugins.JUnitXmlReportPlugin,org.jetbrains.sbt.IdeaShellPlugin,org.jetbrains.sbt.StructurePlugin,sbt.plugins.MiniDependencyTreePlugin)
[debug] Plugins.deducer#function took 12.0758 ms
[info] loading settings for project root from build.sbt ...
[debug]         Load.resolveProject(root) took 110.8942ms
[debug]       Load.loadTransitive: finalizeProject(Project(id root, base: C:\Users\Pc\IdeaProjects\Univer, plugins: List(<none>))) took 129.1941ms
[debug] [Loading] Done in C:\Users\Pc\IdeaProjects\Univer, returning: (root)
[debug]     Load.loadUnit: loadedProjectsRaw took 943.5542ms
[debug]     Load.loadUnit: cleanEvalClasses took 72.9346ms
[debug]   Load.loadUnit(file:/C:/Users/Pc/IdeaProjects/Univer/, ...) took 3594.0211ms
[debug] Load.apply: load took 3600.4988ms
[debug] Load.apply: resolveProjects took 0.4775ms
[debug] Load.apply: finalTransforms took 95.2344ms
[debug] Load.apply: config.delegates took 1.924ms
[debug] Load.apply: Def.make(settings)... took 316.9041ms
[debug] Load.apply: structureIndex took 112.414ms
[debug] Load.apply: mkStreams took 0.0054ms
[info] set current project to Univer (in build file:/C:/Users/Pc/IdeaProjects/Univer/)
[debug] > Exec(sbtPopOnFailure, None, None)
[debug] > Exec(resumeFromFailure, None, None)
[debug] > Exec(notifyUsersAboutShell, None, None)
[debug] > Exec(iflast shell, None, None)
[debug] > Exec(; set ideaPort in Global := 52367 ; idea-shell, None, None)
[debug] > Exec(set ideaPort in Global := 52367, None, None)
[info] Defining Global / ideaPort
[info] The new value will be used by Compile / compile, Test / compile
[debug] Defining 
[debug] 	Global / ideaPort
[debug] 
[debug] The new value will be used by 
[debug] 	Compile / compile
[debug] 	Test / compile
[info] Reapplying settings...
[info] set current project to Univer (in build file:/C:/Users/Pc/IdeaProjects/Univer/)
[debug] > Exec(idea-shell, None, None)
